<?xml version="1.0" encoding="UTF-8"?>
<!-- Generated by org.testng.reporters.JUnitXMLReporter -->
<testsuite ignored="1" hostname="Anjali-Paswan" failures="0" tests="1" name="Default test" time="0.04" errors="0" timestamp="2022-07-24T00:34:17 IST">
  <testcase classname="qa.Mavenjava.SeleniumTest" name="browserAutomation" time="0.008"/>
  <testcase classname="qa.Mavenjava.SeleniumTest" name="elementsUi" time="0.0">
    <ignored/>
  </testcase> <!-- elementsUi -->
</testsuite> <!-- Default test -->
