<?xml version="1.0" encoding="UTF-8"?>
<!-- Generated by org.testng.reporters.JUnitXMLReporter -->
<testsuite ignored="0" hostname="Anjali-Paswan" failures="0" tests="4" name="Test" time="0.045" errors="0" timestamp="2022-07-25T15:31:39 IST">
  <testcase classname="qa.Mavenjava.AppiumTest" name="IOSApp" time="0.007"/>
  <testcase classname="qa.Mavenjava.AppiumTest" name="nativeAppAndroid" time="0.001"/>
  <testcase classname="qa.Mavenjava.SeleniumTest" name="browserAutomation" time="0.001"/>
  <testcase classname="qa.Mavenjava.SeleniumTest" name="elementsUi" time="0.001"/>
</testsuite> <!-- Test -->
