<?xml version="1.0" encoding="UTF-8"?>
<!-- Generated by org.testng.reporters.JUnitXMLReporter -->
<testsuite ignored="0" hostname="Anjali-Paswan" failures="0" tests="6" name="Test" time="0.048" errors="0" timestamp="2022-07-24T23:46:19 IST">
  <testcase classname="qa.Mavenjava.AppiumTest" name="IOSApp" time="0.004"/>
  <testcase classname="qa.Mavenjava.AppiumTest" name="nativeAppAndroid" time="0.0"/>
  <testcase classname="qa.Mavenjava.SeleniumTest" name="browserAutomation" time="0.001"/>
  <testcase classname="qa.Mavenjava.SeleniumTest" name="elementsUi" time="0.001"/>
  <testcase classname="qa.Mavenjava.RestAPITest" name="deleteTwitter" time="0.0"/>
  <testcase classname="qa.Mavenjava.RestAPITest" name="postJira" time="0.0"/>
</testsuite> <!-- Test -->
