<?xml version="1.0" encoding="UTF-8"?>
<testng-results ignored="0" total="6" passed="6" failed="0" skipped="0">
  <reporter-output>
  </reporter-output>
  <suite started-at="2022-07-25T15:32:49 IST" name="Surefire suite" finished-at="2022-07-25T15:32:49 IST" duration-ms="51">
    <groups>
    </groups>
    <test started-at="2022-07-25T15:32:49 IST" name="Surefire test" finished-at="2022-07-25T15:32:49 IST" duration-ms="51">
      <class name="qa.Mavenjava.AppiumTest">
        <test-method signature="IOSApp()[pri:0, instance:qa.Mavenjava.AppiumTest@5906ebcb]" started-at="2022-07-25T15:32:49 IST" name="IOSApp" finished-at="2022-07-25T15:32:49 IST" duration-ms="4" status="PASS">
          <reporter-output>
          </reporter-output>
        </test-method> <!-- IOSApp -->
        <test-method signature="nativeAppAndroid()[pri:0, instance:qa.Mavenjava.AppiumTest@5906ebcb]" started-at="2022-07-25T15:32:49 IST" name="nativeAppAndroid" finished-at="2022-07-25T15:32:49 IST" duration-ms="0" status="PASS">
          <reporter-output>
          </reporter-output>
        </test-method> <!-- nativeAppAndroid -->
      </class> <!-- qa.Mavenjava.AppiumTest -->
      <class name="qa.Mavenjava.SeleniumTest">
        <test-method signature="browserAutomation()[pri:0, instance:qa.Mavenjava.SeleniumTest@657c8ad9]" started-at="2022-07-25T15:32:49 IST" name="browserAutomation" finished-at="2022-07-25T15:32:49 IST" duration-ms="0" status="PASS">
          <reporter-output>
          </reporter-output>
        </test-method> <!-- browserAutomation -->
        <test-method signature="elementsUi()[pri:0, instance:qa.Mavenjava.SeleniumTest@657c8ad9]" started-at="2022-07-25T15:32:49 IST" name="elementsUi" finished-at="2022-07-25T15:32:49 IST" duration-ms="1" status="PASS">
          <reporter-output>
          </reporter-output>
        </test-method> <!-- elementsUi -->
      </class> <!-- qa.Mavenjava.SeleniumTest -->
      <class name="qa.Mavenjava.RestAPITest">
        <test-method signature="deleteTwitter()[pri:0, instance:qa.Mavenjava.RestAPITest@475e586c]" started-at="2022-07-25T15:32:49 IST" name="deleteTwitter" finished-at="2022-07-25T15:32:49 IST" duration-ms="0" status="PASS">
          <reporter-output>
          </reporter-output>
        </test-method> <!-- deleteTwitter -->
        <test-method signature="postJira()[pri:0, instance:qa.Mavenjava.RestAPITest@475e586c]" started-at="2022-07-25T15:32:49 IST" name="postJira" finished-at="2022-07-25T15:32:49 IST" duration-ms="0" status="PASS">
          <reporter-output>
          </reporter-output>
        </test-method> <!-- postJira -->
      </class> <!-- qa.Mavenjava.RestAPITest -->
    </test> <!-- Surefire test -->
  </suite> <!-- Surefire suite -->
</testng-results>
