<?xml version="1.0" encoding="UTF-8"?>
<testsuite xmlns:xsi="http://www.w3.org/2001/XMLSchema-instance" xsi:noNamespaceSchemaLocation="https://maven.apache.org/surefire/maven-surefire-plugin/xsd/surefire-test-report.xsd" name="TestSuite" time="0.936" tests="6" errors="0" skipped="0" failures="0">
  <properties>
[...]
</properties>
  <testcase name="IOSApp" classname="qa.Mavenjava.AppiumTest" time="0.004"/>
  <testcase name="nativeAppAndroid" classname="qa.Mavenjava.AppiumTest" time="0.001"/>
  <testcase name="deleteTwitter" classname="qa.Mavenjava.RestAPITest" time="0.001"/>
  <testcase name="postJira" classname="qa.Mavenjava.RestAPITest" time="0.001"/>
  <testcase name="browserAutomation" classname="qa.Mavenjava.SeleniumTest" time="0"/>
  <testcase name="elementsUi" classname="qa.Mavenjava.SeleniumTest" time="0"/>
</testsuite>