<?xml version="1.0" encoding="UTF-8"?>
<testng-results ignored="0" total="4" passed="4" failed="0" skipped="0">
  <reporter-output>
  </reporter-output>
  <suite started-at="2022-07-25T15:31:39 IST" name="Suite" finished-at="2022-07-25T15:31:39 IST" duration-ms="45">
    <groups>
    </groups>
    <test started-at="2022-07-25T15:31:39 IST" name="Test" finished-at="2022-07-25T15:31:39 IST" duration-ms="45">
      <class name="qa.Mavenjava.AppiumTest">
        <test-method signature="IOSApp()[pri:0, instance:qa.Mavenjava.AppiumTest@16610890]" started-at="2022-07-25T15:31:39 IST" name="IOSApp" finished-at="2022-07-25T15:31:39 IST" duration-ms="7" status="PASS">
          <reporter-output>
          </reporter-output>
        </test-method> <!-- IOSApp -->
        <test-method signature="nativeAppAndroid()[pri:0, instance:qa.Mavenjava.AppiumTest@16610890]" started-at="2022-07-25T15:31:39 IST" name="nativeAppAndroid" finished-at="2022-07-25T15:31:39 IST" duration-ms="1" status="PASS">
          <reporter-output>
          </reporter-output>
        </test-method> <!-- nativeAppAndroid -->
      </class> <!-- qa.Mavenjava.AppiumTest -->
      <class name="qa.Mavenjava.SeleniumTest">
        <test-method signature="browserAutomation()[pri:0, instance:qa.Mavenjava.SeleniumTest@7e7be63f]" started-at="2022-07-25T15:31:39 IST" name="browserAutomation" finished-at="2022-07-25T15:31:39 IST" duration-ms="1" status="PASS">
          <reporter-output>
          </reporter-output>
        </test-method> <!-- browserAutomation -->
        <test-method signature="elementsUi()[pri:0, instance:qa.Mavenjava.SeleniumTest@7e7be63f]" started-at="2022-07-25T15:31:39 IST" name="elementsUi" finished-at="2022-07-25T15:31:39 IST" duration-ms="1" status="PASS">
          <reporter-output>
          </reporter-output>
        </test-method> <!-- elementsUi -->
      </class> <!-- qa.Mavenjava.SeleniumTest -->
    </test> <!-- Test -->
  </suite> <!-- Suite -->
</testng-results>
